-------------------------------------------------------------------------------
Test set: Scenario: Run a single Gherkin test
-------------------------------------------------------------------------------
Tests run: 24, Failures: 0, Errors: 3, Skipped: 9, Time elapsed: 0.498 sec <<< FAILURE! - in Scenario: Run a single Gherkin test
Scenario: Run a single Manual test  Time elapsed: 0.001 sec  <<< ERROR!
java.lang.Exception: Hello - this is an exception!

Then manual runner opens(Scenario: Run a single Gherkin test)  Time elapsed: 0.002 sec  <<< ERROR!
java.lang.Exception: Hello - this is an exception!

Scenario: Run a single Gherkin test  Time elapsed: 0.003 sec  <<< ERROR!
java.lang.Exception: Hello - this is an exception!

