<?xml version="1.0" encoding="UTF-8"?>
<testsuite xmlns:xsi="http://www.w3.org/2001/XMLSchema-instance" xsi:schemaLocation="https://maven.apache.org/surefire/maven-surefire-plugin/xsd/surefire-test-report.xsd" name="Scenario: Wilson posts to his own blog" time="0.996" tests="17" errors="0" skipped="4" failures="0">
  <properties>
[...]
</properties>
  <testcase name="Given user is in send email dialog" classname="Scenario: before sending an email - spell check should be triggered automatically" time="0.002"/>
  <testcase name="When user click the send button" classname="Scenario: before sending an email - spell check should be triggered automatically" time="0"/>
  <testcase name="Then spell check should be triggered and prompt user if errors were found" classname="Scenario: before sending an email - spell check should be triggered automatically" time="0"/>
  <testcase name="Scenario: before sending an email - spell check should be triggered automatically" classname="Scenario: before sending an email - spell check should be triggered automatically" time="0.001"/>
  <testcase name="Given user send an email" classname="Scenario: scenario 1" time="0"/>
  <testcase name="When he clicks send" classname="Scenario: scenario 1" time="0"/>
  <testcase name="Then notification appears" classname="Scenario: scenario 1" time="0"/>
  <testcase name="Scenario: scenario 1" classname="Scenario: scenario 1" time="0"/>
  <testcase name="Given user is in mail dialog" classname="Scenario: user wrote attached but didnt attach anything" time="0"/>
  <testcase name="When user clicks send" classname="Scenario: user wrote attached but didnt attach anything" time="0"/>
  <testcase name="Then if word &quot;attach&quot; is in mail, and nothing attached, warn user" classname="Scenario: user wrote attached but didnt attach anything" time="0"/>
  <testcase name="Scenario: user wrote attached but didnt attach anything" classname="Scenario: user wrote attached but didnt attach anything" time="0.001"/>
  <testcase name="Given I am logged in as Wilson" classname="Scenario: Wilson posts to his own blog" time="0">
    <skipped/>
  </testcase>
  <testcase name="When I try to post to &quot;Expensive Therapy&quot;" classname="Scenario: Wilson posts to his own blog" time="0">
    <skipped/>
  </testcase>
  <testcase name="Then I should see &quot;Your article was published.&quot;" classname="Scenario: Wilson posts to his own blog" time="0">
    <skipped/>
  </testcase>
  <testcase name="Scenario: Wilson posts to his own blog" classname="Scenario: Wilson posts to his own blog" time="0">
    <skipped/>
  </testcase>
  <testcase name="Scenario: Wilson posts to his own blog" classname="Scenario: Wilson posts to his own blog" time="0.014"/>
</testsuite>